#
# A fatal error has been detected by the Java Runtime Environment:
#
#  EXCEPTION_ILLEGAL_INSTRUCTION (0xc000001d) at pc=0x00007ff97e3fd270, pid=17996, tid=15552
#
# JRE version: OpenJDK Runtime Environment (23.0.1+11) (build 23.0.1+11-39)
# Java VM: OpenJDK 64-Bit Server VM (23.0.1+11-39, mixed mode, sharing, tiered, compressed oops, compressed class ptrs, g1 gc, windows-amd64)
# Problematic frame:
# C  [ucrtbase.dll+0x2d270]
#
# No core dump will be written. Minidumps are not enabled by default on client versions of Windows
#
# If you would like to submit a bug report, please visit:
#   https://bugreport.java.com/bugreport/crash.jsp
#

---------------  S U M M A R Y ------------

Command Line: --enable-preview -javaagent:C:\Program Files\JetBrains\IntelliJ IDEA Community Edition 2024.2.4\lib\idea_rt.jar=62968:C:\Program Files\JetBrains\IntelliJ IDEA Community Edition 2024.2.4\bin -Dfile.encoding=UTF-8 -Dsun.stdout.encoding=UTF-8 -Dsun.stderr.encoding=UTF-8 MazeGeneration

Host: AMD 3015e with Radeon Graphics                 , 4 cores, 7G,  Windows 11 , 64 bit Build 22621 (10.0.22621.4391)
Time: Wed Jan 22 13:26:09 2025 Pacific Standard Time elapsed time: 17.830405 seconds (0d 0h 0m 17s)

---------------  T H R E A D  ---------------

Current thread (0x00000195eb906c70):  JavaThread "C1 CompilerThread0" daemon [_thread_in_vm, id=15552, stack(0x0000007495500000,0x0000007495600000) (1024K)]


Current CompileTask:
C1:17830 1225       3       java.util.ArrayList::contains (14 bytes)

Stack: [0x0000007495500000,0x0000007495600000],  sp=0x00000074955fef38,  free space=1019k
Native frames: (J=compiled Java code, j=interpreted, Vv=VM code, C=native code)
C  [ucrtbase.dll+0x2d270]  (no source info available)
V  [jvm.dll+0x701a45]  (no source info available)
V  [jvm.dll+0x250c4c]  (no source info available)
V  [jvm.dll+0x254054]  (no source info available)
V  [jvm.dll+0x251faa]  (no source info available)
V  [jvm.dll+0x3ee036]  (no source info available)
V  [jvm.dll+0x824f8b]  (no source info available)
V  [jvm.dll+0x6df065]  (no source info available)
C  [ucrtbase.dll+0x29333]  (no source info available)
C  [KERNEL32.DLL+0x1259d]  (no source info available)
C  [ntdll.dll+0x5af38]  (no source info available)


siginfo: EXCEPTION_ILLEGAL_INSTRUCTION (0xc000001d)


Registers:
RAX=0x00007ff91f991797, RBX=0x00000195eb8fe820, RCX=0x00000195cd5e289e, RDX=0x00000195eb799270
RSP=0x00000074955fef38, RBP=0x00000074955fefc0, RSI=0x00000074955ff1f0, RDI=0x00000000ffffffff
R8 =0x00000000000000a1, R9 =0x0000000000000000, R10=0x0000000000000000, R11=0x0000000000000246
R12=0x0000000000000001, R13=0x00000195eb799270, R14=0x00000195c6da5fd0, R15=0x0000000000000003
RIP=0x00007ff97e3fd270, EFLAGS=0x0000000000010202


Register to memory mapping:

RAX=0x00007ff91f991797 jvm.dll
RBX=0x00000195eb8fe820 points into unknown readable memory: 0x00007ff91facdc98 | 98 dc ac 1f f9 7f 00 00
RCX=0x00000195cd5e289e points into unknown readable memory: 6a 61
RDX=0x00000195eb799270 points into unknown readable memory: 0x6974752f6176616a | 6a 61 76 61 2f 75 74 69
RSP=0x00000074955fef38 is pointing into the stack for thread: 0x00000195eb906c70
RBP=0x00000074955fefc0 is pointing into the stack for thread: 0x00000195eb906c70
RSI=0x00000074955ff1f0 is pointing into the stack for thread: 0x00000195eb906c70
RDI=0x00000000ffffffff is an unallocated location in the heap
R8 =0x00000000000000a1 is an unknown value
R9 =0x0 is null
R10=0x0 is null
R11=0x0000000000000246 is an unknown value
R12=0x0000000000000001 is an unknown value
R13=0x00000195eb799270 points into unknown readable memory: 0x6974752f6176616a | 6a 61 76 61 2f 75 74 69
R14=0x00000195c6da5fd0 points into unknown readable memory: 0x00000195c6dc0740 | 40 07 dc c6 95 01 00 00
R15=0x0000000000000003 is an unknown value

Top of Stack: (sp=0x00000074955fef38)
0x00000074955fef38:   00007ff91f771a45 0000000000000000
0x00000074955fef48:   00007ff97e071f0d 0000000000000000
0x00000074955fef58:   0000000000000000 00007ff91fce2510
0x00000074955fef68:   00007ff91f2c0c4c 00007ff91fce2510
0x00000074955fef78:   00000074955ff1f0 00000195c52cba70
0x00000074955fef88:   000000f8801ec400 00000195801ec488
0x00000074955fef98:   00000195eb906c70 0000000000000caa
0x00000074955fefa8:   00007ff91fa69368 00007ff91fa4df00
0x00000074955fefb8:   00000195eb906c70 0000000000000000
0x00000074955fefc8:   0000000000000000 0000000000000000
0x00000074955fefd8:   00000195eb8da8b0 00000195c6da5fd0
0x00000074955fefe8:   00000195eb906c70 00000074955ff100
0x00000074955feff8:   00007ff91f2c4054 00000195ffffffff
0x00000074955ff008:   00000195c52ccbf0 0000007400000003
0x00000074955ff018:   00000195c52ccbf0 00000195eb908e01
0x00000074955ff028:   00000195eb8d59c0 0000075bf1e9b849
0x00000074955ff038:   00000074955ff149 fffffffffffffcf8
0x00000074955ff048:   00007ff91f41fd54 fffffffffffffc00
0x00000074955ff058:   00000000eb8fe700 00000195eb8d59c0
0x00000074955ff068:   ffffffff00000003 0000000000000000
0x00000074955ff078:   00000195eb8da8b0 0000000000000000
0x00000074955ff088:   00000195eb8fe7e0 00000195eb9091d8
0x00000074955ff098:   00007ff91f13ad67 00007ff9000004c9
0x00000074955ff0a8:   00000195801ec488 00000195eb908e30
0x00000074955ff0b8:   00000195801ec488 00000195eb906c70
0x00000074955ff0c8:   00000195eb908df0 00000195801ec488
0x00000074955ff0d8:   00000195eb906c70 0000000000000caa
0x00000074955ff0e8:   00007ff91fa69368 00007ff91fa4df00
0x00000074955ff0f8:   00000195eb908e30 00000195eb9091d8
0x00000074955ff108:   00000195801ec488 00000195eb908df0
0x00000074955ff118:   00000000000003d8 0000000000000010
0x00000074955ff128:   00007ff91f6f1ede 00000195cf72d830 

Instructions: (pc=0x00007ff97e3fd270)
0x00007ff97e3fd170:   48 83 ec 60 49 8b f8 48 8b f2 48 8b e9 4d 85 c0
0x00007ff97e3fd180:   75 07 33 c0 e9 c0 00 00 00 48 85 ed 75 1a e8 cd
0x00007ff97e3fd190:   cd fe ff c7 00 16 00 00 00 e8 d2 da ff ff b8 ff
0x00007ff97e3fd1a0:   ff ff 7f e9 a1 00 00 00 48 85 f6 74 e1 bb ff ff
0x00007ff97e3fd1b0:   ff 7f 48 3b fb 76 12 e8 a4 cd fe ff c7 00 16 00
0x00007ff97e3fd1c0:   00 00 e8 a9 da ff ff eb 7e 49 8b d1 48 8d 4c 24
0x00007ff97e3fd1d0:   40 e8 fa e6 fd ff 48 8b 44 24 48 48 8b 90 30 01
0x00007ff97e3fd1e0:   00 00 48 85 d2 75 12 4c 8b c7 48 8b d6 48 8b cd
0x00007ff97e3fd1f0:   e8 5b fe ff ff 8b d8 eb 3b 8b 40 14 48 8d 4c 24
0x00007ff97e3fd200:   48 89 44 24 38 4c 8b cd 89 7c 24 30 41 b8 00 10
0x00007ff97e3fd210:   00 00 48 89 74 24 28 89 7c 24 20 e8 cc f0 04 00
0x00007ff97e3fd220:   85 c0 75 0d e8 37 cd fe ff c7 00 16 00 00 00 eb
0x00007ff97e3fd230:   03 8d 58 fe 80 7c 24 58 00 74 0c 48 8b 44 24 40
0x00007ff97e3fd240:   83 a0 a8 03 00 00 fd 8b c3 4c 8d 5c 24 60 49 8b
0x00007ff97e3fd250:   5b 10 49 8b 6b 18 49 8b 73 20 49 8b e3 5f c3 cc
0x00007ff97e3fd260:   cc cc cc cc cc cc 66 66 0f 1f 84 00 00 00 00 00
0x00007ff97e3fd270:   4c 8b d9 4d 0b c0 74 24 48 2b ca f6 c2 07 74 28
0x00007ff97e3fd280:   8a 02 84 c0 88 04 0a 0f 84 e3 00 00 00 48 ff c2
0x00007ff97e3fd290:   49 ff c8 74 07 f6 c2 07 75 e6 eb 0c 49 8b c3 c3
0x00007ff97e3fd2a0:   48 89 04 0a 48 83 c2 08 48 8b 02 49 83 e8 08 76
0x00007ff97e3fd2b0:   26 49 b9 ff fe fe fe fe fe fe 7e 4c 03 c8 4c 8b
0x00007ff97e3fd2c0:   d0 49 83 f2 ff 4d 33 d1 49 b9 00 01 01 01 01 01
0x00007ff97e3fd2d0:   01 81 4d 85 d1 74 c9 49 83 c0 08 0f 84 8b 00 00
0x00007ff97e3fd2e0:   00 84 c0 88 04 0a 0f 84 84 00 00 00 48 ff c2 49
0x00007ff97e3fd2f0:   ff c8 74 78 84 e4 88 24 0a 74 75 48 ff c2 49 ff
0x00007ff97e3fd300:   c8 74 69 48 c1 e8 10 84 c0 88 04 0a 74 62 48 ff
0x00007ff97e3fd310:   c2 49 ff c8 74 56 84 e4 88 24 0a 74 53 48 ff c2
0x00007ff97e3fd320:   49 ff c8 74 47 48 c1 e8 10 84 c0 88 04 0a 74 40
0x00007ff97e3fd330:   48 ff c2 49 ff c8 74 34 84 e4 88 24 0a 74 31 48
0x00007ff97e3fd340:   ff c2 49 ff c8 74 25 c1 e8 10 84 c0 88 04 0a 74
0x00007ff97e3fd350:   1f 48 ff c2 49 ff c8 74 13 84 e4 88 24 0a 74 10
0x00007ff97e3fd360:   48 ff c2 49 ff c8 0f 85 3c ff ff ff 49 8b c3 c3 


Stack slot to memory mapping:

stack at sp + 0 slots: 0x00007ff91f771a45 jvm.dll
stack at sp + 1 slots: 0x0 is null
stack at sp + 2 slots: 0x00007ff97e071f0d KERNELBASE.dll
stack at sp + 3 slots: 0x0 is null
stack at sp + 4 slots: 0x0 is null
stack at sp + 5 slots: 0x00007ff91fce2510 jvm.dll
stack at sp + 6 slots: 0x00007ff91f2c0c4c jvm.dll
stack at sp + 7 slots: 0x00007ff91fce2510 jvm.dll

Lock stack of current Java thread (top to bottom):


---------------  P R O C E S S  ---------------

Threads class SMR info:
_java_thread_list=0x00000195c53a9e50, length=19, elements={
0x00000195cf71b930, 0x00000195eb8f2330, 0x00000195eb8f5a10, 0x00000195eb8f8010,
0x00000195eb8f9ce0, 0x00000195eb8fb140, 0x00000195eb8fc5c0, 0x00000195eb8fdc20,
0x00000195eb906c70, 0x00000195c50994c0, 0x00000195c524bc30, 0x00000195c524c2a0,
0x00000195c5263250, 0x00000195c5347dd0, 0x00000195c5359d10, 0x00000195c535a800,
0x00000195c6c7af70, 0x00000195c6da5850, 0x00000195c6da7ed0
}

Java Threads: ( => current thread )
  0x00000195cf71b930 JavaThread "main"                              [_thread_in_native, id=15532, stack(0x0000007494600000,0x0000007494700000) (1024K)]
  0x00000195eb8f2330 JavaThread "Reference Handler"          daemon [_thread_blocked, id=13520, stack(0x0000007494e00000,0x0000007494f00000) (1024K)]
  0x00000195eb8f5a10 JavaThread "Finalizer"                  daemon [_thread_blocked, id=8760, stack(0x0000007494f00000,0x0000007495000000) (1024K)]
  0x00000195eb8f8010 JavaThread "Signal Dispatcher"          daemon [_thread_blocked, id=10216, stack(0x0000007495000000,0x0000007495100000) (1024K)]
  0x00000195eb8f9ce0 JavaThread "Attach Listener"            daemon [_thread_blocked, id=16936, stack(0x0000007495100000,0x0000007495200000) (1024K)]
  0x00000195eb8fb140 JavaThread "Service Thread"             daemon [_thread_blocked, id=17804, stack(0x0000007495200000,0x0000007495300000) (1024K)]
  0x00000195eb8fc5c0 JavaThread "Monitor Deflation Thread"   daemon [_thread_blocked, id=17796, stack(0x0000007495300000,0x0000007495400000) (1024K)]
  0x00000195eb8fdc20 JavaThread "C2 CompilerThread0"         daemon [_thread_blocked, id=17324, stack(0x0000007495400000,0x0000007495500000) (1024K)]
=>0x00000195eb906c70 JavaThread "C1 CompilerThread0"         daemon [_thread_in_vm, id=15552, stack(0x0000007495500000,0x0000007495600000) (1024K)]
  0x00000195c50994c0 JavaThread "Common-Cleaner"             daemon [_thread_blocked, id=20576, stack(0x0000007495600000,0x0000007495700000) (1024K)]
  0x00000195c524bc30 JavaThread "Monitor Ctrl-Break"         daemon [_thread_in_native, id=15916, stack(0x0000007495700000,0x0000007495800000) (1024K)]
  0x00000195c524c2a0 JavaThread "Notification Thread"        daemon [_thread_blocked, id=13440, stack(0x0000007495800000,0x0000007495900000) (1024K)]
  0x00000195c5263250 JavaThread "DrawingPanel-shutdown"             [_thread_blocked, id=7804, stack(0x0000007495900000,0x0000007495a00000) (1024K)]
  0x00000195c5347dd0 JavaThread "Java2D Disposer"            daemon [_thread_blocked, id=20676, stack(0x0000007495a00000,0x0000007495b00000) (1024K)]
  0x00000195c5359d10 JavaThread "AWT-Shutdown"                      [_thread_blocked, id=13828, stack(0x0000007495b00000,0x0000007495c00000) (1024K)]
  0x00000195c535a800 JavaThread "AWT-Windows"                daemon [_thread_in_native, id=3984, stack(0x0000007495c00000,0x0000007495d00000) (1024K)]
  0x00000195c6c7af70 JavaThread "AWT-EventQueue-0"                  [_thread_blocked, id=8088, stack(0x0000007496300000,0x0000007496400000) (1024K)]
  0x00000195c6da5850 JavaThread "D3D Screen Updater"         daemon [_thread_blocked, id=13968, stack(0x0000007496400000,0x0000007496500000) (1024K)]
  0x00000195c6da7ed0 JavaThread "TimerQueue"                 daemon [_thread_blocked, id=21216, stack(0x0000007496500000,0x0000007496600000) (1024K)]
Total: 19

Other Threads:
  0x00000195eb8dc3c0 VMThread "VM Thread"                           [id=3628, stack(0x0000007494d00000,0x0000007494e00000) (1024K)]
  0x00000195eb8c89b0 WatcherThread "VM Periodic Task Thread"        [id=10148, stack(0x0000007494c00000,0x0000007494d00000) (1024K)]
  0x00000195cf76f740 WorkerThread "GC Thread#0"                     [id=11724, stack(0x0000007494700000,0x0000007494800000) (1024K)]
  0x00000195cf782e40 ConcurrentGCThread "G1 Main Marker"            [id=9764, stack(0x0000007494800000,0x0000007494900000) (1024K)]
  0x00000195cf783950 WorkerThread "G1 Conc#0"                       [id=16548, stack(0x0000007494900000,0x0000007494a00000) (1024K)]
  0x00000195cf7deb90 ConcurrentGCThread "G1 Refine#0"               [id=16076, stack(0x0000007494a00000,0x0000007494b00000) (1024K)]
  0x00000195eb79ca10 ConcurrentGCThread "G1 Service"                [id=17440, stack(0x0000007494b00000,0x0000007494c00000) (1024K)]
Total: 7

Threads with active compile tasks:
C2 CompilerThread0  18195 1237       4       MazeGeneration$Point::<init> (26 bytes)
C1 CompilerThread0  18195 1225       3       java.util.ArrayList::contains (14 bytes)
Total: 2

VM state: not at safepoint (normal execution)

VM Mutex/Monitor currently owned by a thread:  ([mutex/lock_event])
[0x00007ff91fce2510] CompileStatistics_lock - owner thread: 0x00000195eb906c70

Heap address: 0x000000008a200000, size: 1886 MB, Compressed Oops mode: 32-bit

CDS archive(s) mapped at: [0x0000019580000000-0x0000019580d70000-0x0000019580d70000), size 14090240, SharedBaseAddress: 0x0000019580000000, ArchiveRelocationMode: 1.
Compressed class space mapped at: 0x0000019581000000-0x00000195c1000000, reserved size: 1073741824
Narrow klass base: 0x0000019580000000, Narrow klass shift: 0, Narrow klass range: 0x41000000

GC Precious Log:
 CardTable entry size: 512
 Card Set container configuration: InlinePtr #cards 5 size 8 Array Of Cards #cards 10 size 36 Howl #buckets 4 coarsen threshold 1843 Howl Bitmap #cards 512 size 80 coarsen threshold 460 Card regions per heap region 1 cards per card region 2048
 CPUs: 4 total, 4 available
 Memory: 7536M
 Large Page Support: Disabled
 NUMA Support: Disabled
 Compressed Oops: Enabled (32-bit)
 Heap Region Size: 1M
 Heap Min Capacity: 8M
 Heap Initial Capacity: 118M
 Heap Max Capacity: 1886M
 Pre-touch: Disabled
 Parallel Workers: 4
 Concurrent Workers: 1
 Concurrent Refinement Workers: 4
 Periodic GC: Disabled

Heap:
 garbage-first heap   total reserved 1931264K, committed 120832K, used 11264K [0x000000008a200000, 0x0000000100000000)
  region size 1024K, 9 young (9216K), 0 survivors (0K)
 Metaspace       used 8773K, committed 8960K, reserved 1114112K
  class space    used 1005K, committed 1088K, reserved 1048576K

Heap Regions: E=young(eden), S=young(survivor), O=old, HS=humongous(starts), HC=humongous(continues), CS=collection set, F=free, TAMS=top-at-mark-start, PB=parsable bottom
|   0|0x000000008a200000, 0x000000008a300000, 0x000000008a300000|100%|HS|  |TAMS 0x000000008a200000| PB 0x000000008a200000| Complete |  0
|   1|0x000000008a300000, 0x000000008a400000, 0x000000008a400000|100%|HC|  |TAMS 0x000000008a300000| PB 0x000000008a300000| Complete |  0
|   2|0x000000008a400000, 0x000000008a500000, 0x000000008a500000|100%|HC|  |TAMS 0x000000008a400000| PB 0x000000008a400000| Complete |  0
|   3|0x000000008a500000, 0x000000008a500000, 0x000000008a600000|  0%| F|  |TAMS 0x000000008a500000| PB 0x000000008a500000| Untracked |  0
|   4|0x000000008a600000, 0x000000008a600000, 0x000000008a700000|  0%| F|  |TAMS 0x000000008a600000| PB 0x000000008a600000| Untracked |  0
|   5|0x000000008a700000, 0x000000008a700000, 0x000000008a800000|  0%| F|  |TAMS 0x000000008a700000| PB 0x000000008a700000| Untracked |  0
|   6|0x000000008a800000, 0x000000008a800000, 0x000000008a900000|  0%| F|  |TAMS 0x000000008a800000| PB 0x000000008a800000| Untracked |  0
|   7|0x000000008a900000, 0x000000008a900000, 0x000000008aa00000|  0%| F|  |TAMS 0x000000008a900000| PB 0x000000008a900000| Untracked |  0
|   8|0x000000008aa00000, 0x000000008aa00000, 0x000000008ab00000|  0%| F|  |TAMS 0x000000008aa00000| PB 0x000000008aa00000| Untracked |  0
|   9|0x000000008ab00000, 0x000000008ab00000, 0x000000008ac00000|  0%| F|  |TAMS 0x000000008ab00000| PB 0x000000008ab00000| Untracked |  0
|  10|0x000000008ac00000, 0x000000008ac00000, 0x000000008ad00000|  0%| F|  |TAMS 0x000000008ac00000| PB 0x000000008ac00000| Untracked |  0
|  11|0x000000008ad00000, 0x000000008ad00000, 0x000000008ae00000|  0%| F|  |TAMS 0x000000008ad00000| PB 0x000000008ad00000| Untracked |  0
|  12|0x000000008ae00000, 0x000000008ae00000, 0x000000008af00000|  0%| F|  |TAMS 0x000000008ae00000| PB 0x000000008ae00000| Untracked |  0
|  13|0x000000008af00000, 0x000000008af00000, 0x000000008b000000|  0%| F|  |TAMS 0x000000008af00000| PB 0x000000008af00000| Untracked |  0
|  14|0x000000008b000000, 0x000000008b000000, 0x000000008b100000|  0%| F|  |TAMS 0x000000008b000000| PB 0x000000008b000000| Untracked |  0
|  15|0x000000008b100000, 0x000000008b100000, 0x000000008b200000|  0%| F|  |TAMS 0x000000008b100000| PB 0x000000008b100000| Untracked |  0
|  16|0x000000008b200000, 0x000000008b200000, 0x000000008b300000|  0%| F|  |TAMS 0x000000008b200000| PB 0x000000008b200000| Untracked |  0
|  17|0x000000008b300000, 0x000000008b300000, 0x000000008b400000|  0%| F|  |TAMS 0x000000008b300000| PB 0x000000008b300000| Untracked |  0
|  18|0x000000008b400000, 0x000000008b400000, 0x000000008b500000|  0%| F|  |TAMS 0x000000008b400000| PB 0x000000008b400000| Untracked |  0
|  19|0x000000008b500000, 0x000000008b500000, 0x000000008b600000|  0%| F|  |TAMS 0x000000008b500000| PB 0x000000008b500000| Untracked |  0
|  20|0x000000008b600000, 0x000000008b600000, 0x000000008b700000|  0%| F|  |TAMS 0x000000008b600000| PB 0x000000008b600000| Untracked |  0
|  21|0x000000008b700000, 0x000000008b700000, 0x000000008b800000|  0%| F|  |TAMS 0x000000008b700000| PB 0x000000008b700000| Untracked |  0
|  22|0x000000008b800000, 0x000000008b800000, 0x000000008b900000|  0%| F|  |TAMS 0x000000008b800000| PB 0x000000008b800000| Untracked |  0
|  23|0x000000008b900000, 0x000000008b900000, 0x000000008ba00000|  0%| F|  |TAMS 0x000000008b900000| PB 0x000000008b900000| Untracked |  0
|  24|0x000000008ba00000, 0x000000008ba00000, 0x000000008bb00000|  0%| F|  |TAMS 0x000000008ba00000| PB 0x000000008ba00000| Untracked |  0
|  25|0x000000008bb00000, 0x000000008bb00000, 0x000000008bc00000|  0%| F|  |TAMS 0x000000008bb00000| PB 0x000000008bb00000| Untracked |  0
|  26|0x000000008bc00000, 0x000000008bc00000, 0x000000008bd00000|  0%| F|  |TAMS 0x000000008bc00000| PB 0x000000008bc00000| Untracked |  0
|  27|0x000000008bd00000, 0x000000008bd00000, 0x000000008be00000|  0%| F|  |TAMS 0x000000008bd00000| PB 0x000000008bd00000| Untracked |  0
|  28|0x000000008be00000, 0x000000008be00000, 0x000000008bf00000|  0%| F|  |TAMS 0x000000008be00000| PB 0x000000008be00000| Untracked |  0
|  29|0x000000008bf00000, 0x000000008bf00000, 0x000000008c000000|  0%| F|  |TAMS 0x000000008bf00000| PB 0x000000008bf00000| Untracked |  0
|  30|0x000000008c000000, 0x000000008c000000, 0x000000008c100000|  0%| F|  |TAMS 0x000000008c000000| PB 0x000000008c000000| Untracked |  0
|  31|0x000000008c100000, 0x000000008c100000, 0x000000008c200000|  0%| F|  |TAMS 0x000000008c100000| PB 0x000000008c100000| Untracked |  0
|  32|0x000000008c200000, 0x000000008c200000, 0x000000008c300000|  0%| F|  |TAMS 0x000000008c200000| PB 0x000000008c200000| Untracked |  0
|  33|0x000000008c300000, 0x000000008c300000, 0x000000008c400000|  0%| F|  |TAMS 0x000000008c300000| PB 0x000000008c300000| Untracked |  0
|  34|0x000000008c400000, 0x000000008c400000, 0x000000008c500000|  0%| F|  |TAMS 0x000000008c400000| PB 0x000000008c400000| Untracked |  0
|  35|0x000000008c500000, 0x000000008c500000, 0x000000008c600000|  0%| F|  |TAMS 0x000000008c500000| PB 0x000000008c500000| Untracked |  0
|  36|0x000000008c600000, 0x000000008c600000, 0x000000008c700000|  0%| F|  |TAMS 0x000000008c600000| PB 0x000000008c600000| Untracked |  0
|  37|0x000000008c700000, 0x000000008c700000, 0x000000008c800000|  0%| F|  |TAMS 0x000000008c700000| PB 0x000000008c700000| Untracked |  0
|  38|0x000000008c800000, 0x000000008c800000, 0x000000008c900000|  0%| F|  |TAMS 0x000000008c800000| PB 0x000000008c800000| Untracked |  0
|  39|0x000000008c900000, 0x000000008c900000, 0x000000008ca00000|  0%| F|  |TAMS 0x000000008c900000| PB 0x000000008c900000| Untracked |  0
|  40|0x000000008ca00000, 0x000000008ca00000, 0x000000008cb00000|  0%| F|  |TAMS 0x000000008ca00000| PB 0x000000008ca00000| Untracked |  0
|  41|0x000000008cb00000, 0x000000008cb00000, 0x000000008cc00000|  0%| F|  |TAMS 0x000000008cb00000| PB 0x000000008cb00000| Untracked |  0
|  42|0x000000008cc00000, 0x000000008cc00000, 0x000000008cd00000|  0%| F|  |TAMS 0x000000008cc00000| PB 0x000000008cc00000| Untracked |  0
|  43|0x000000008cd00000, 0x000000008cd00000, 0x000000008ce00000|  0%| F|  |TAMS 0x000000008cd00000| PB 0x000000008cd00000| Untracked |  0
|  44|0x000000008ce00000, 0x000000008ce00000, 0x000000008cf00000|  0%| F|  |TAMS 0x000000008ce00000| PB 0x000000008ce00000| Untracked |  0
|  45|0x000000008cf00000, 0x000000008cf00000, 0x000000008d000000|  0%| F|  |TAMS 0x000000008cf00000| PB 0x000000008cf00000| Untracked |  0
|  46|0x000000008d000000, 0x000000008d000000, 0x000000008d100000|  0%| F|  |TAMS 0x000000008d000000| PB 0x000000008d000000| Untracked |  0
|  47|0x000000008d100000, 0x000000008d100000, 0x000000008d200000|  0%| F|  |TAMS 0x000000008d100000| PB 0x000000008d100000| Untracked |  0
|  48|0x000000008d200000, 0x000000008d200000, 0x000000008d300000|  0%| F|  |TAMS 0x000000008d200000| PB 0x000000008d200000| Untracked |  0
|  49|0x000000008d300000, 0x000000008d300000, 0x000000008d400000|  0%| F|  |TAMS 0x000000008d300000| PB 0x000000008d300000| Untracked |  0
|  50|0x000000008d400000, 0x000000008d400000, 0x000000008d500000|  0%| F|  |TAMS 0x000000008d400000| PB 0x000000008d400000| Untracked |  0
|  51|0x000000008d500000, 0x000000008d500000, 0x000000008d600000|  0%| F|  |TAMS 0x000000008d500000| PB 0x000000008d500000| Untracked |  0
|  52|0x000000008d600000, 0x000000008d600000, 0x000000008d700000|  0%| F|  |TAMS 0x000000008d600000| PB 0x000000008d600000| Untracked |  0
|  53|0x000000008d700000, 0x000000008d700000, 0x000000008d800000|  0%| F|  |TAMS 0x000000008d700000| PB 0x000000008d700000| Untracked |  0
|  54|0x000000008d800000, 0x000000008d800000, 0x000000008d900000|  0%| F|  |TAMS 0x000000008d800000| PB 0x000000008d800000| Untracked |  0
|  55|0x000000008d900000, 0x000000008d900000, 0x000000008da00000|  0%| F|  |TAMS 0x000000008d900000| PB 0x000000008d900000| Untracked |  0
|  56|0x000000008da00000, 0x000000008da00000, 0x000000008db00000|  0%| F|  |TAMS 0x000000008da00000| PB 0x000000008da00000| Untracked |  0
|  57|0x000000008db00000, 0x000000008db00000, 0x000000008dc00000|  0%| F|  |TAMS 0x000000008db00000| PB 0x000000008db00000| Untracked |  0
|  58|0x000000008dc00000, 0x000000008dc00000, 0x000000008dd00000|  0%| F|  |TAMS 0x000000008dc00000| PB 0x000000008dc00000| Untracked |  0
|  59|0x000000008dd00000, 0x000000008dd00000, 0x000000008de00000|  0%| F|  |TAMS 0x000000008dd00000| PB 0x000000008dd00000| Untracked |  0
|  60|0x000000008de00000, 0x000000008de00000, 0x000000008df00000|  0%| F|  |TAMS 0x000000008de00000| PB 0x000000008de00000| Untracked |  0
|  61|0x000000008df00000, 0x000000008df00000, 0x000000008e000000|  0%| F|  |TAMS 0x000000008df00000| PB 0x000000008df00000| Untracked |  0
|  62|0x000000008e000000, 0x000000008e000000, 0x000000008e100000|  0%| F|  |TAMS 0x000000008e000000| PB 0x000000008e000000| Untracked |  0
|  63|0x000000008e100000, 0x000000008e100000, 0x000000008e200000|  0%| F|  |TAMS 0x000000008e100000| PB 0x000000008e100000| Untracked |  0
|  64|0x000000008e200000, 0x000000008e200000, 0x000000008e300000|  0%| F|  |TAMS 0x000000008e200000| PB 0x000000008e200000| Untracked |  0
|  65|0x000000008e300000, 0x000000008e300000, 0x000000008e400000|  0%| F|  |TAMS 0x000000008e300000| PB 0x000000008e300000| Untracked |  0
|  66|0x000000008e400000, 0x000000008e400000, 0x000000008e500000|  0%| F|  |TAMS 0x000000008e400000| PB 0x000000008e400000| Untracked |  0
|  67|0x000000008e500000, 0x000000008e500000, 0x000000008e600000|  0%| F|  |TAMS 0x000000008e500000| PB 0x000000008e500000| Untracked |  0
|  68|0x000000008e600000, 0x000000008e600000, 0x000000008e700000|  0%| F|  |TAMS 0x000000008e600000| PB 0x000000008e600000| Untracked |  0
|  69|0x000000008e700000, 0x000000008e700000, 0x000000008e800000|  0%| F|  |TAMS 0x000000008e700000| PB 0x000000008e700000| Untracked |  0
|  70|0x000000008e800000, 0x000000008e800000, 0x000000008e900000|  0%| F|  |TAMS 0x000000008e800000| PB 0x000000008e800000| Untracked |  0
|  71|0x000000008e900000, 0x000000008e900000, 0x000000008ea00000|  0%| F|  |TAMS 0x000000008e900000| PB 0x000000008e900000| Untracked |  0
|  72|0x000000008ea00000, 0x000000008ea00000, 0x000000008eb00000|  0%| F|  |TAMS 0x000000008ea00000| PB 0x000000008ea00000| Untracked |  0
|  73|0x000000008eb00000, 0x000000008eb00000, 0x000000008ec00000|  0%| F|  |TAMS 0x000000008eb00000| PB 0x000000008eb00000| Untracked |  0
|  74|0x000000008ec00000, 0x000000008ec00000, 0x000000008ed00000|  0%| F|  |TAMS 0x000000008ec00000| PB 0x000000008ec00000| Untracked |  0
|  75|0x000000008ed00000, 0x000000008ed00000, 0x000000008ee00000|  0%| F|  |TAMS 0x000000008ed00000| PB 0x000000008ed00000| Untracked |  0
|  76|0x000000008ee00000, 0x000000008ee00000, 0x000000008ef00000|  0%| F|  |TAMS 0x000000008ee00000| PB 0x000000008ee00000| Untracked |  0
|  77|0x000000008ef00000, 0x000000008ef00000, 0x000000008f000000|  0%| F|  |TAMS 0x000000008ef00000| PB 0x000000008ef00000| Untracked |  0
|  78|0x000000008f000000, 0x000000008f000000, 0x000000008f100000|  0%| F|  |TAMS 0x000000008f000000| PB 0x000000008f000000| Untracked |  0
|  79|0x000000008f100000, 0x000000008f100000, 0x000000008f200000|  0%| F|  |TAMS 0x000000008f100000| PB 0x000000008f100000| Untracked |  0
|  80|0x000000008f200000, 0x000000008f200000, 0x000000008f300000|  0%| F|  |TAMS 0x000000008f200000| PB 0x000000008f200000| Untracked |  0
|  81|0x000000008f300000, 0x000000008f300000, 0x000000008f400000|  0%| F|  |TAMS 0x000000008f300000| PB 0x000000008f300000| Untracked |  0
|  82|0x000000008f400000, 0x000000008f400000, 0x000000008f500000|  0%| F|  |TAMS 0x000000008f400000| PB 0x000000008f400000| Untracked |  0
|  83|0x000000008f500000, 0x000000008f500000, 0x000000008f600000|  0%| F|  |TAMS 0x000000008f500000| PB 0x000000008f500000| Untracked |  0
|  84|0x000000008f600000, 0x000000008f600000, 0x000000008f700000|  0%| F|  |TAMS 0x000000008f600000| PB 0x000000008f600000| Untracked |  0
|  85|0x000000008f700000, 0x000000008f700000, 0x000000008f800000|  0%| F|  |TAMS 0x000000008f700000| PB 0x000000008f700000| Untracked |  0
|  86|0x000000008f800000, 0x000000008f800000, 0x000000008f900000|  0%| F|  |TAMS 0x000000008f800000| PB 0x000000008f800000| Untracked |  0
|  87|0x000000008f900000, 0x000000008f900000, 0x000000008fa00000|  0%| F|  |TAMS 0x000000008f900000| PB 0x000000008f900000| Untracked |  0
|  88|0x000000008fa00000, 0x000000008fa00000, 0x000000008fb00000|  0%| F|  |TAMS 0x000000008fa00000| PB 0x000000008fa00000| Untracked |  0
|  89|0x000000008fb00000, 0x000000008fb00000, 0x000000008fc00000|  0%| F|  |TAMS 0x000000008fb00000| PB 0x000000008fb00000| Untracked |  0
|  90|0x000000008fc00000, 0x000000008fc00000, 0x000000008fd00000|  0%| F|  |TAMS 0x000000008fc00000| PB 0x000000008fc00000| Untracked |  0
|  91|0x000000008fd00000, 0x000000008fd00000, 0x000000008fe00000|  0%| F|  |TAMS 0x000000008fd00000| PB 0x000000008fd00000| Untracked |  0
|  92|0x000000008fe00000, 0x000000008fe00000, 0x000000008ff00000|  0%| F|  |TAMS 0x000000008fe00000| PB 0x000000008fe00000| Untracked |  0
|  93|0x000000008ff00000, 0x000000008ff00000, 0x0000000090000000|  0%| F|  |TAMS 0x000000008ff00000| PB 0x000000008ff00000| Untracked |  0
|  94|0x0000000090000000, 0x0000000090000000, 0x0000000090100000|  0%| F|  |TAMS 0x0000000090000000| PB 0x0000000090000000| Untracked |  0
|  95|0x0000000090100000, 0x0000000090100000, 0x0000000090200000|  0%| F|  |TAMS 0x0000000090100000| PB 0x0000000090100000| Untracked |  0
|  96|0x0000000090200000, 0x0000000090200000, 0x0000000090300000|  0%| F|  |TAMS 0x0000000090200000| PB 0x0000000090200000| Untracked |  0
|  97|0x0000000090300000, 0x0000000090300000, 0x0000000090400000|  0%| F|  |TAMS 0x0000000090300000| PB 0x0000000090300000| Untracked |  0
|  98|0x0000000090400000, 0x0000000090400000, 0x0000000090500000|  0%| F|  |TAMS 0x0000000090400000| PB 0x0000000090400000| Untracked |  0
|  99|0x0000000090500000, 0x0000000090500000, 0x0000000090600000|  0%| F|  |TAMS 0x0000000090500000| PB 0x0000000090500000| Untracked |  0
| 100|0x0000000090600000, 0x0000000090600000, 0x0000000090700000|  0%| F|  |TAMS 0x0000000090600000| PB 0x0000000090600000| Untracked |  0
| 101|0x0000000090700000, 0x0000000090700000, 0x0000000090800000|  0%| F|  |TAMS 0x0000000090700000| PB 0x0000000090700000| Untracked |  0
| 102|0x0000000090800000, 0x0000000090800000, 0x0000000090900000|  0%| F|  |TAMS 0x0000000090800000| PB 0x0000000090800000| Untracked |  0
| 103|0x0000000090900000, 0x0000000090900000, 0x0000000090a00000|  0%| F|  |TAMS 0x0000000090900000| PB 0x0000000090900000| Untracked |  0
| 104|0x0000000090a00000, 0x0000000090a00000, 0x0000000090b00000|  0%| F|  |TAMS 0x0000000090a00000| PB 0x0000000090a00000| Untracked |  0
| 105|0x0000000090b00000, 0x0000000090b00000, 0x0000000090c00000|  0%| F|  |TAMS 0x0000000090b00000| PB 0x0000000090b00000| Untracked |  0
| 106|0x0000000090c00000, 0x0000000090c00000, 0x0000000090d00000|  0%| F|  |TAMS 0x0000000090c00000| PB 0x0000000090c00000| Untracked |  0
| 107|0x0000000090d00000, 0x0000000090d00000, 0x0000000090e00000|  0%| F|  |TAMS 0x0000000090d00000| PB 0x0000000090d00000| Untracked |  0
| 108|0x0000000090e00000, 0x0000000090e00000, 0x0000000090f00000|  0%| F|  |TAMS 0x0000000090e00000| PB 0x0000000090e00000| Untracked |  0
| 109|0x0000000090f00000, 0x0000000090fd71a8, 0x0000000091000000| 84%| E|  |TAMS 0x0000000090f00000| PB 0x0000000090f00000| Complete |  0
| 110|0x0000000091000000, 0x0000000091100000, 0x0000000091100000|100%| E|CS|TAMS 0x0000000091000000| PB 0x0000000091000000| Complete |  0
| 111|0x0000000091100000, 0x0000000091200000, 0x0000000091200000|100%| E|CS|TAMS 0x0000000091100000| PB 0x0000000091100000| Complete |  0
| 112|0x0000000091200000, 0x0000000091300000, 0x0000000091300000|100%| E|CS|TAMS 0x0000000091200000| PB 0x0000000091200000| Complete |  0
| 113|0x0000000091300000, 0x0000000091400000, 0x0000000091400000|100%| E|CS|TAMS 0x0000000091300000| PB 0x0000000091300000| Complete |  0
| 114|0x0000000091400000, 0x0000000091500000, 0x0000000091500000|100%| E|CS|TAMS 0x0000000091400000| PB 0x0000000091400000| Complete |  0
| 115|0x0000000091500000, 0x0000000091600000, 0x0000000091600000|100%| E|CS|TAMS 0x0000000091500000| PB 0x0000000091500000| Complete |  0
| 116|0x0000000091600000, 0x0000000091700000, 0x0000000091700000|100%| E|CS|TAMS 0x0000000091600000| PB 0x0000000091600000| Complete |  0
| 117|0x0000000091700000, 0x0000000091800000, 0x0000000091800000|100%| E|CS|TAMS 0x0000000091700000| PB 0x0000000091700000| Complete |  0

Card table byte_map: [0x00000195e7200000,0x00000195e75b0000] _byte_map_base: 0x00000195e6daf000

Marking Bits: (CMBitMap*) 0x00000195cf76fe50
 Bits: [0x00000195e75b0000, 0x00000195e9328000)

Polling page: 0x00000195cd5d0000

Metaspace:

Usage:
  Non-class:      7.59 MB used.
      Class:   1005.91 KB used.
       Both:      8.57 MB used.

Virtual space:
  Non-class space:       64.00 MB reserved,       7.69 MB ( 12%) committed,  1 nodes.
      Class space:        1.00 GB reserved,       1.06 MB ( <1%) committed,  1 nodes.
             Both:        1.06 GB reserved,       8.75 MB ( <1%) committed. 

Chunk freelists:
   Non-Class:  8.22 MB
       Class:  14.75 MB
        Both:  22.97 MB

MaxMetaspaceSize: unlimited
CompressedClassSpaceSize: 1.00 GB
Initial GC threshold: 21.00 MB
Current GC threshold: 21.00 MB
CDS: on
 - commit_granule_bytes: 65536.
 - commit_granule_words: 8192.
 - virtual_space_node_default_size: 8388608.
 - enlarge_chunks_in_place: 1.
 - use_allocation_guard: 0.


Internal statistics:

num_allocs_failed_limit: 0.
num_arena_births: 164.
num_arena_deaths: 0.
num_vsnodes_births: 2.
num_vsnodes_deaths: 0.
num_space_committed: 140.
num_space_uncommitted: 0.
num_chunks_returned_to_freelist: 0.
num_chunks_taken_from_freelist: 218.
num_chunk_merges: 0.
num_chunk_splits: 128.
num_chunks_enlarged: 56.
num_inconsistent_stats: 0.

CodeHeap 'non-profiled nmethods': size=120064Kb used=333Kb max_used=333Kb free=119730Kb
 bounds [0x00000195df910000, 0x00000195dfb80000, 0x00000195e6e50000]
CodeHeap 'profiled nmethods': size=120000Kb used=1384Kb max_used=1384Kb free=118615Kb
 bounds [0x00000195d7e50000, 0x00000195d80c0000, 0x00000195df380000]
CodeHeap 'non-nmethods': size=5696Kb used=1562Kb max_used=1578Kb free=4134Kb
 bounds [0x00000195df380000, 0x00000195df5f0000, 0x00000195df910000]
CodeCache: size=245760Kb, used=3279Kb, max_used=3295Kb, free=242479Kb
 total_blobs=1867, nmethods=1226, adapters=547, full_count=0
Compilation: enabled, stopped_count=0, restarted_count=0

Compilation events (20 events):
Event: 17.374 Thread 0x00000195eb906c70 1216   !   3       sun.java2d.SunGraphics2D::drawHiDPIImage (540 bytes)
Event: 17.380 Thread 0x00000195eb906c70 nmethod 1216 0x00000195d7fa5188 code [0x00000195d7fa55e0, 0x00000195d7fa76f0]
Event: 17.477 Thread 0x00000195eb906c70 1217       1       sun.awt.windows.WObjectPeer::getStateLock (5 bytes)
Event: 17.478 Thread 0x00000195eb906c70 nmethod 1217 0x00000195df962888 code [0x00000195df9629a0, 0x00000195df962a68]
Event: 17.588 Thread 0x00000195eb906c70 1218       1       sun.awt.windows.WObjectPeer::isDisposed (5 bytes)
Event: 17.588 Thread 0x00000195eb906c70 nmethod 1218 0x00000195df962b88 code [0x00000195df962ca0, 0x00000195df962d70]
Event: 17.588 Thread 0x00000195eb906c70 1219       1       sun.awt.image.SunVolatileImage::getGraphicsConfig (5 bytes)
Event: 17.589 Thread 0x00000195eb906c70 nmethod 1219 0x00000195df962e88 code [0x00000195df962fa0, 0x00000195df963068]
Event: 17.589 Thread 0x00000195eb906c70 1220   !   3       sun.java2d.pipe.DrawImage::renderImageScale (158 bytes)
Event: 17.592 Thread 0x00000195eb906c70 nmethod 1220 0x00000195d7fa7788 code [0x00000195d7fa79a0, 0x00000195d7fa8788]
Event: 17.592 Thread 0x00000195eb906c70 1221       3       sun.java2d.pipe.DrawImage::scaleSurfaceData (79 bytes)
Event: 17.593 Thread 0x00000195eb906c70 nmethod 1221 0x00000195d7fa8808 code [0x00000195d7fa8980, 0x00000195d7fa9158]
Event: 17.698 Thread 0x00000195eb906c70 1222       3       java.util.IdentityHashMap$KeyIterator::next (13 bytes)
Event: 17.699 Thread 0x00000195eb906c70 nmethod 1222 0x00000195d7fa9208 code [0x00000195d7fa9340, 0x00000195d7fa95e0]
Event: 17.699 Thread 0x00000195eb906c70 1223       3       java.util.IdentityHashMap::unmaskNull (13 bytes)
Event: 17.699 Thread 0x00000195eb906c70 nmethod 1223 0x00000195d7fa9608 code [0x00000195d7fa9720, 0x00000195d7fa9860]
Event: 17.808 Thread 0x00000195eb906c70 1224       3       java.util.IdentityHashMap::keySet (25 bytes)
Event: 17.808 Thread 0x00000195eb906c70 nmethod 1224 0x00000195d7fa9908 code [0x00000195d7fa9a40, 0x00000195d7fa9e08]
Event: 17.808 Thread 0x00000195eb906c70 1225       3       java.util.ArrayList::contains (14 bytes)
Event: 17.809 Thread 0x00000195eb906c70 nmethod 1225 0x00000195d7fa9e88 code [0x00000195d7fa9fc0, 0x00000195d7faa1e0]

GC Heap History (0 events):
No events

Dll operation events (13 events):
Event: 0.077 Loaded shared library C:\Users\shermanr\.jdks\openjdk-23.0.1\bin\java.dll
Event: 0.293 Loaded shared library C:\Users\shermanr\.jdks\openjdk-23.0.1\bin\jsvml.dll
Event: 0.855 Loaded shared library C:\Users\shermanr\.jdks\openjdk-23.0.1\bin\zip.dll
Event: 0.893 Loaded shared library C:\Users\shermanr\.jdks\openjdk-23.0.1\bin\instrument.dll
Event: 0.945 Loaded shared library C:\Users\shermanr\.jdks\openjdk-23.0.1\bin\net.dll
Event: 0.959 Loaded shared library C:\Users\shermanr\.jdks\openjdk-23.0.1\bin\nio.dll
Event: 0.993 Loaded shared library C:\Users\shermanr\.jdks\openjdk-23.0.1\bin\zip.dll
Event: 1.177 Loaded shared library C:\Program Files\JetBrains\IntelliJ IDEA Community Edition 2024.2.4\bin\breakgen64.dll
Event: 1.409 Loaded shared library C:\Users\shermanr\.jdks\openjdk-23.0.1\bin\extnet.dll
Event: 1.805 Loaded shared library C:\Users\shermanr\.jdks\openjdk-23.0.1\bin\awt.dll
Event: 1.921 Loaded shared library C:\Users\shermanr\.jdks\openjdk-23.0.1\bin\jimage.dll
Event: 2.645 Loaded shared library C:\Users\shermanr\.jdks\openjdk-23.0.1\bin\freetype.dll
Event: 2.655 Loaded shared library C:\Users\shermanr\.jdks\openjdk-23.0.1\bin\fontmanager.dll

Deoptimization events (20 events):
Event: 3.774 Thread 0x00000195cf71b930 DEOPT PACKING pc=0x00000195df91d598 sp=0x00000074946fead0
Event: 3.774 Thread 0x00000195cf71b930 DEOPT UNPACKING pc=0x00000195df3d4402 sp=0x00000074946fea68 mode 2
Event: 3.775 Thread 0x00000195cf71b930 Uncommon trap: trap_request=0xffffffde fr.pc=0x00000195df91d598 relative=0x0000000000000198
Event: 3.775 Thread 0x00000195cf71b930 Uncommon trap: reason=class_check action=maybe_recompile pc=0x00000195df91d598 method=java.lang.String.equals(Ljava/lang/Object;)Z @ 8 c2
Event: 3.775 Thread 0x00000195cf71b930 DEOPT PACKING pc=0x00000195df91d598 sp=0x00000074946fe9f0
Event: 3.775 Thread 0x00000195cf71b930 DEOPT UNPACKING pc=0x00000195df3d4402 sp=0x00000074946fe988 mode 2
Event: 3.776 Thread 0x00000195cf71b930 Uncommon trap: trap_request=0xffffffde fr.pc=0x00000195df91d598 relative=0x0000000000000198
Event: 3.776 Thread 0x00000195cf71b930 Uncommon trap: reason=class_check action=maybe_recompile pc=0x00000195df91d598 method=java.lang.String.equals(Ljava/lang/Object;)Z @ 8 c2
Event: 3.776 Thread 0x00000195cf71b930 DEOPT PACKING pc=0x00000195df91d598 sp=0x00000074946fea00
Event: 3.776 Thread 0x00000195cf71b930 DEOPT UNPACKING pc=0x00000195df3d4402 sp=0x00000074946fe998 mode 2
Event: 4.203 Thread 0x00000195cf71b930 Uncommon trap: trap_request=0xffffff45 fr.pc=0x00000195df936454 relative=0x0000000000000054
Event: 4.203 Thread 0x00000195cf71b930 Uncommon trap: reason=unstable_if action=reinterpret pc=0x00000195df936454 method=java.lang.Integer.compare(II)I @ 11 c2
Event: 4.203 Thread 0x00000195cf71b930 DEOPT PACKING pc=0x00000195df936454 sp=0x00000074946ff630
Event: 4.204 Thread 0x00000195cf71b930 DEOPT UNPACKING pc=0x00000195df3d4402 sp=0x00000074946ff5c8 mode 2
Event: 4.943 Thread 0x00000195cf71b930 DEOPT PACKING pc=0x00000195d7f3764e sp=0x00000074946ff6c0
Event: 4.944 Thread 0x00000195cf71b930 DEOPT UNPACKING pc=0x00000195df3d4b22 sp=0x00000074946feb78 mode 0
Event: 4.989 Thread 0x00000195cf71b930 DEOPT PACKING pc=0x00000195d7f3764e sp=0x00000074946ff6c0
Event: 4.989 Thread 0x00000195cf71b930 DEOPT UNPACKING pc=0x00000195df3d4b22 sp=0x00000074946feb78 mode 0
Event: 5.030 Thread 0x00000195cf71b930 DEOPT PACKING pc=0x00000195d7f3764e sp=0x00000074946ff6c0
Event: 5.030 Thread 0x00000195cf71b930 DEOPT UNPACKING pc=0x00000195df3d4b22 sp=0x00000074946feb78 mode 0

Classes loaded (20 events):
Event: 4.365 Loading class sun/awt/im/InputContext done
Event: 4.365 Loading class sun/awt/im/InputMethodContext done
Event: 4.366 Loading class sun/awt/windows/WInputMethod
Event: 4.368 Loading class sun/awt/im/InputMethodAdapter
Event: 4.368 Loading class java/awt/im/spi/InputMethod
Event: 4.368 Loading class java/awt/im/spi/InputMethod done
Event: 4.368 Loading class sun/awt/im/InputMethodAdapter done
Event: 4.368 Loading class sun/awt/windows/WInputMethod done
Event: 4.386 Loading class sun/awt/im/CompositionAreaHandler
Event: 4.388 Loading class sun/awt/im/CompositionAreaHandler done
Event: 4.388 Loading class java/text/AttributedString
Event: 4.391 Loading class java/text/AttributedString done
Event: 4.391 Loading class java/text/AttributedString$AttributedStringIterator
Event: 4.391 Loading class java/text/AttributedCharacterIterator
Event: 4.392 Loading class java/text/CharacterIterator
Event: 4.392 Loading class java/text/CharacterIterator done
Event: 4.392 Loading class java/text/AttributedCharacterIterator done
Event: 4.392 Loading class java/text/AttributedString$AttributedStringIterator done
Event: 4.394 Loading class java/awt/TextComponent
Event: 4.395 Loading class java/awt/TextComponent done

Classes unloaded (0 events):
No events

Classes redefined (0 events):
No events

Internal exceptions (14 events):
Event: 1.111 Thread 0x00000195cf71b930 Exception <a 'java/lang/NoSuchMethodError'{0x0000000091534210}: 'java.lang.Object java.lang.invoke.Invokers$Holder.invokeExact_MT(java.lang.Object, java.lang.Object, java.lang.Object, java.lang.Object, java.lang.Object)'> (0x0000000091534210) 
thrown [s\open\src\hotspot\share\interpreter\linkResolver.cpp, line 796]
Event: 1.458 Thread 0x00000195c524bc30 Exception <a 'java/lang/NoSuchMethodError'{0x0000000091550c28}: 'void java.lang.invoke.DirectMethodHandle$Holder.invokeStatic(java.lang.Object, java.lang.Object)'> (0x0000000091550c28) 
thrown [s\open\src\hotspot\share\interpreter\linkResolver.cpp, line 796]
Event: 1.885 Thread 0x00000195cf71b930 Exception <a 'java/lang/ClassNotFoundException'{0x00000000915c0638}: sun/awt/resources/spi/awtProvider> (0x00000000915c0638) 
thrown [s\open\src\hotspot\share\classfile\systemDictionary.cpp, line 313]
Event: 1.978 Thread 0x00000195cf71b930 Exception <a 'java/io/FileNotFoundException'{0x000000009143b9c0}> (0x000000009143b9c0) 
thrown [s\open\src\hotspot\share\prims\jni.cpp, line 520]
Event: 2.010 Thread 0x00000195cf71b930 Exception <a 'java/io/FileNotFoundException'{0x0000000091469da8}> (0x0000000091469da8) 
thrown [s\open\src\hotspot\share\prims\jni.cpp, line 520]
Event: 2.413 Thread 0x00000195cf71b930 Exception <a 'java/lang/NoSuchMethodError'{0x0000000091331fb0}: 'void java.lang.invoke.DirectMethodHandle$Holder.invokeSpecial(java.lang.Object, java.lang.Object, java.lang.Object)'> (0x0000000091331fb0) 
thrown [s\open\src\hotspot\share\interpreter\linkResolver.cpp, line 796]
Event: 2.457 Thread 0x00000195cf71b930 Exception <a 'java/lang/NoSuchMethodError'{0x0000000091343840}: 'void java.lang.invoke.DirectMethodHandle$Holder.invokeStaticInit(java.lang.Object)'> (0x0000000091343840) 
thrown [s\open\src\hotspot\share\interpreter\linkResolver.cpp, line 796]
Event: 2.507 Thread 0x00000195cf71b930 Exception <a 'java/lang/NoSuchMethodError'{0x00000000913da300}: 'java.lang.Object java.lang.invoke.DirectMethodHandle$Holder.invokeStatic(java.lang.Object, int, java.lang.Object)'> (0x00000000913da300) 
thrown [s\open\src\hotspot\share\interpreter\linkResolver.cpp, line 796]
Event: 2.574 Thread 0x00000195cf71b930 Exception <a 'java/lang/ClassNotFoundException'{0x000000009124cd78}: com/sun/java/swing/plaf/windows/resources/spi/windowsProvider> (0x000000009124cd78) 
thrown [s\open\src\hotspot\share\classfile\systemDictionary.cpp, line 313]
Event: 2.578 Thread 0x00000195cf71b930 Exception <a 'java/lang/ClassNotFoundException'{0x0000000091250de8}: com/sun/swing/internal/plaf/basic/resources/spi/basicProvider> (0x0000000091250de8) 
thrown [s\open\src\hotspot\share\classfile\systemDictionary.cpp, line 313]
Event: 2.594 Thread 0x00000195cf71b930 Exception <a 'java/lang/NoSuchMethodError'{0x000000009125e8b8}: 'java.lang.Object java.lang.invoke.DirectMethodHandle$Holder.invokeStatic(java.lang.Object, java.lang.Object, int, java.lang.Object)'> (0x000000009125e8b8) 
thrown [s\open\src\hotspot\share\interpreter\linkResolver.cpp, line 796]
Event: 2.597 Thread 0x00000195cf71b930 Exception <a 'java/lang/NoSuchMethodError'{0x0000000091264b68}: 'java.lang.Object java.lang.invoke.DirectMethodHandle$Holder.newInvokeSpecial(java.lang.Object, java.lang.Object, int)'> (0x0000000091264b68) 
thrown [s\open\src\hotspot\share\interpreter\linkResolver.cpp, line 796]
Event: 3.274 Thread 0x00000195cf71b930 Exception <a 'java/lang/NoSuchMethodError'{0x00000000912ced50}: 'int java.lang.invoke.Invokers$Holder.invokeExact_MT(java.lang.Object, java.lang.Object)'> (0x00000000912ced50) 
thrown [s\open\src\hotspot\share\interpreter\linkResolver.cpp, line 796]
Event: 3.603 Thread 0x00000195c535a800 Exception <a 'java/lang/NoSuchMethodError'{0x0000000091356a70}: 'void java.lang.invoke.DirectMethodHandle$Holder.invokeVirtual(java.lang.Object, java.lang.Object)'> (0x0000000091356a70) 
thrown [s\open\src\hotspot\share\interpreter\linkResolver.cpp, line 796]

VM Operations (6 events):
Event: 0.569 Executing VM operation: HandshakeAllThreads (Deoptimize)
Event: 0.569 Executing VM operation: HandshakeAllThreads (Deoptimize) done
Event: 1.299 Executing VM operation: HandshakeAllThreads (Deoptimize)
Event: 1.299 Executing VM operation: HandshakeAllThreads (Deoptimize) done
Event: 2.381 Executing VM operation: HandshakeAllThreads (Deoptimize)
Event: 2.381 Executing VM operation: HandshakeAllThreads (Deoptimize) done

Memory protections (0 events):
No events

Nmethod flushes (0 events):
No events

Events (20 events):
Event: 0.280 Thread 0x00000195cf71b930 Thread added: 0x00000195eb8f2330
Event: 0.281 Thread 0x00000195cf71b930 Thread added: 0x00000195eb8f5a10
Event: 0.282 Thread 0x00000195cf71b930 Thread added: 0x00000195eb8f8010
Event: 0.283 Thread 0x00000195cf71b930 Thread added: 0x00000195eb8f9ce0
Event: 0.283 Thread 0x00000195cf71b930 Thread added: 0x00000195eb8fb140
Event: 0.284 Thread 0x00000195cf71b930 Thread added: 0x00000195eb8fc5c0
Event: 0.285 Thread 0x00000195cf71b930 Thread added: 0x00000195eb8fdc20
Event: 0.286 Thread 0x00000195cf71b930 Thread added: 0x00000195eb906c70
Event: 0.496 Thread 0x00000195cf71b930 Thread added: 0x00000195c50994c0
Event: 1.183 Thread 0x00000195cf71b930 Thread added: 0x00000195c524bc30
Event: 1.183 Thread 0x00000195cf71b930 Thread added: 0x00000195c524c2a0
Event: 1.775 Thread 0x00000195cf71b930 Thread added: 0x00000195c5263250
Event: 2.200 Thread 0x00000195cf71b930 Thread added: 0x00000195c5347dd0
Event: 2.304 Thread 0x00000195cf71b930 Thread added: 0x00000195c5359d10
Event: 2.309 Thread 0x00000195cf71b930 Thread added: 0x00000195c535a800
Event: 3.400 Thread 0x00000195cf71b930 Thread added: 0x00000195c6c7af70
Event: 3.954 Thread 0x00000195c6c7af70 Thread added: 0x00000195c6da5850
Event: 3.987 Thread 0x00000195cf71b930 Thread added: 0x00000195c6da7ed0
Event: 4.278 Thread 0x00000195eb8fdc20 Thread added: 0x00000195c6d92520
Event: 5.293 Thread 0x00000195c6d92520 Thread exited: 0x00000195c6d92520


Dynamic libraries:
0x00007ff6c6ee0000 - 0x00007ff6c6eee000 	C:\Users\shermanr\.jdks\openjdk-23.0.1\bin\java.exe
0x00007ff9809d0000 - 0x00007ff980be7000 	C:\WINDOWS\SYSTEM32\ntdll.dll
0x00007ff9800b0000 - 0x00007ff980174000 	C:\WINDOWS\System32\KERNEL32.DLL
0x00007ff97e010000 - 0x00007ff97e3ca000 	C:\WINDOWS\System32\KERNELBASE.dll
0x00007ff97e3d0000 - 0x00007ff97e4e1000 	C:\WINDOWS\System32\ucrtbase.dll
0x00007ff9794f0000 - 0x00007ff979507000 	C:\Users\shermanr\.jdks\openjdk-23.0.1\bin\jli.dll
0x00007ff972490000 - 0x00007ff9724ab000 	C:\Users\shermanr\.jdks\openjdk-23.0.1\bin\VCRUNTIME140.dll
0x00007ff9805e0000 - 0x00007ff98078e000 	C:\WINDOWS\System32\USER32.dll
0x00007ff97e690000 - 0x00007ff97e6b6000 	C:\WINDOWS\System32\win32u.dll
0x00007ff97ff20000 - 0x00007ff97ff49000 	C:\WINDOWS\System32\GDI32.dll
0x00007ff96bf60000 - 0x00007ff96c1f2000 	C:\WINDOWS\WinSxS\amd64_microsoft.windows.common-controls_6595b64144ccf1df_6.0.22621.4541_none_2710d1c57384c085\COMCTL32.dll
0x00007ff97e6c0000 - 0x00007ff97e767000 	C:\WINDOWS\System32\msvcrt.dll
0x00007ff97e570000 - 0x00007ff97e68b000 	C:\WINDOWS\System32\gdi32full.dll
0x00007ff97df70000 - 0x00007ff97e00a000 	C:\WINDOWS\System32\msvcp_win.dll
0x00007ff980070000 - 0x00007ff9800a1000 	C:\WINDOWS\System32\IMM32.DLL
0x00007ff97aa20000 - 0x00007ff97aa2c000 	C:\Users\shermanr\.jdks\openjdk-23.0.1\bin\vcruntime140_1.dll
0x00007ff968400000 - 0x00007ff96848e000 	C:\Users\shermanr\.jdks\openjdk-23.0.1\bin\msvcp140.dll
0x00007ff91f070000 - 0x00007ff91fdbf000 	C:\Users\shermanr\.jdks\openjdk-23.0.1\bin\server\jvm.dll
0x00007ff97ec70000 - 0x00007ff97ed22000 	C:\WINDOWS\System32\ADVAPI32.dll
0x00007ff97f690000 - 0x00007ff97f737000 	C:\WINDOWS\System32\sechost.dll
0x00007ff97df40000 - 0x00007ff97df68000 	C:\WINDOWS\System32\bcrypt.dll
0x00007ff97ff50000 - 0x00007ff980064000 	C:\WINDOWS\System32\RPCRT4.dll
0x00007ff980910000 - 0x00007ff980981000 	C:\WINDOWS\System32\WS2_32.dll
0x00007ff97db60000 - 0x00007ff97dbad000 	C:\WINDOWS\SYSTEM32\POWRPROF.dll
0x00007ff9766e0000 - 0x00007ff976714000 	C:\WINDOWS\SYSTEM32\WINMM.dll
0x00007ff971dc0000 - 0x00007ff971dca000 	C:\WINDOWS\SYSTEM32\VERSION.dll
0x00007ff97db40000 - 0x00007ff97db53000 	C:\WINDOWS\SYSTEM32\UMPDC.dll
0x00007ff97cbe0000 - 0x00007ff97cbf8000 	C:\WINDOWS\SYSTEM32\kernel.appcore.dll
0x00007ff9794e0000 - 0x00007ff9794ea000 	C:\Users\shermanr\.jdks\openjdk-23.0.1\bin\jimage.dll
0x00007ff973b80000 - 0x00007ff973db2000 	C:\WINDOWS\SYSTEM32\DBGHELP.DLL
0x00007ff9801f0000 - 0x00007ff980581000 	C:\WINDOWS\System32\combase.dll
0x00007ff97fd40000 - 0x00007ff97fe17000 	C:\WINDOWS\System32\OLEAUT32.dll
0x00007ff967130000 - 0x00007ff967162000 	C:\WINDOWS\SYSTEM32\dbgcore.DLL
0x00007ff97dc90000 - 0x00007ff97dd0b000 	C:\WINDOWS\System32\bcryptPrimitives.dll
0x00007ff9765f0000 - 0x00007ff9765ff000 	C:\Users\shermanr\.jdks\openjdk-23.0.1\bin\instrument.dll
0x00007ff96c260000 - 0x00007ff96c27e000 	C:\Users\shermanr\.jdks\openjdk-23.0.1\bin\java.dll
0x00007ff97e7b0000 - 0x00007ff97e955000 	C:\WINDOWS\System32\ole32.dll
0x00007ff97ee00000 - 0x00007ff97f679000 	C:\WINDOWS\System32\SHELL32.dll
0x00007ff97b900000 - 0x00007ff97c209000 	C:\WINDOWS\SYSTEM32\windows.storage.dll
0x00007ff97b7c0000 - 0x00007ff97b8ff000 	C:\WINDOWS\SYSTEM32\wintypes.dll
0x00007ff97fe20000 - 0x00007ff97ff1a000 	C:\WINDOWS\System32\SHCORE.dll
0x00007ff980190000 - 0x00007ff9801ee000 	C:\WINDOWS\System32\shlwapi.dll
0x00007ff97dbc0000 - 0x00007ff97dbeb000 	C:\WINDOWS\SYSTEM32\profapi.dll
0x00007ff961330000 - 0x00007ff961407000 	C:\Users\shermanr\.jdks\openjdk-23.0.1\bin\jsvml.dll
0x00007ff96b360000 - 0x00007ff96b377000 	C:\Users\shermanr\.jdks\openjdk-23.0.1\bin\zip.dll
0x00007ff972480000 - 0x00007ff972490000 	C:\Users\shermanr\.jdks\openjdk-23.0.1\bin\net.dll
0x00007ff97d1a0000 - 0x00007ff97d209000 	C:\WINDOWS\system32\mswsock.dll
0x00007ff96b1d0000 - 0x00007ff96b1e6000 	C:\Users\shermanr\.jdks\openjdk-23.0.1\bin\nio.dll
0x00007ff96b1b0000 - 0x00007ff96b1ca000 	C:\Program Files\JetBrains\IntelliJ IDEA Community Edition 2024.2.4\bin\breakgen64.dll
0x00007ff96b5a0000 - 0x00007ff96b5a9000 	C:\Users\shermanr\.jdks\openjdk-23.0.1\bin\extnet.dll
0x00007ff949cb0000 - 0x00007ff949e3d000 	C:\Users\shermanr\.jdks\openjdk-23.0.1\bin\awt.dll
0x00007ff979610000 - 0x00007ff9796a7000 	C:\WINDOWS\SYSTEM32\apphelp.dll
0x00007ff97b240000 - 0x00007ff97b26b000 	C:\WINDOWS\system32\DWMAPI.DLL
0x00007ff97af00000 - 0x00007ff97afb1000 	C:\WINDOWS\system32\uxtheme.dll
0x00007ff97fbc0000 - 0x00007ff97fd21000 	C:\WINDOWS\System32\MSCTF.dll
0x00007ff9659a0000 - 0x00007ff965a27000 	C:\Users\shermanr\.jdks\openjdk-23.0.1\bin\freetype.dll
0x00007ff9500d0000 - 0x00007ff9501a7000 	C:\Users\shermanr\.jdks\openjdk-23.0.1\bin\fontmanager.dll
0x00007ff94a560000 - 0x00007ff94a660000 	C:\WINDOWS\system32\opengl32.dll
0x00007ff96b5f0000 - 0x00007ff96b61d000 	C:\WINDOWS\SYSTEM32\GLU32.dll
0x00007ff97aff0000 - 0x00007ff97b027000 	C:\WINDOWS\SYSTEM32\dxcore.dll
0x00007ff95d0c0000 - 0x00007ff95d268000 	C:\WINDOWS\system32\d3d9.dll
0x00007ff971b30000 - 0x00007ff971ceb000 	C:\WINDOWS\System32\DriverStore\FileRepository\u0394423.inf_amd64_43768f937fdbbb9a\B394193\aticfx64.dll
0x00007ff968ba0000 - 0x00007ff968bd4000 	C:\WINDOWS\System32\DriverStore\FileRepository\u0394423.inf_amd64_43768f937fdbbb9a\B394193\atiu9p64.dll
0x00007ff91c860000 - 0x00007ff91d5b5000 	C:\WINDOWS\System32\DriverStore\FileRepository\u0394423.inf_amd64_43768f937fdbbb9a\B394193\atiumd64.dll
0x00000000704f0000 - 0x0000000071418000 	C:\WINDOWS\System32\DriverStore\FileRepository\u0394423.inf_amd64_43768f937fdbbb9a\B394193\atiumd6a.dll
0x00007ff97f740000 - 0x00007ff97fbb4000 	C:\WINDOWS\System32\SETUPAPI.dll
0x00007ff971e80000 - 0x00007ff971eb5000 	C:\WINDOWS\SYSTEM32\amdihk64.dll
0x00007ff975ba0000 - 0x00007ff975be9000 	C:\WINDOWS\SYSTEM32\directxdatabasehelper.dll
0x00007ff974870000 - 0x00007ff9749b5000 	C:\WINDOWS\SYSTEM32\textinputframework.dll
0x00007ff9650c0000 - 0x00007ff965129000 	C:\WINDOWS\system32\Oleacc.dll
0x00007ff979190000 - 0x00007ff9792c3000 	C:\WINDOWS\SYSTEM32\CoreMessaging.dll
0x00007ff975cd0000 - 0x00007ff97603d000 	C:\WINDOWS\SYSTEM32\CoreUIComponents.dll
0x00007ff97d410000 - 0x00007ff97d41c000 	C:\WINDOWS\SYSTEM32\CRYPTBASE.DLL

dbghelp: loaded successfully - version: 4.0.5 - missing functions: none
symbol engine: initialized successfully - sym options: 0x614 - pdb path: .;C:\Users\shermanr\.jdks\openjdk-23.0.1\bin;C:\WINDOWS\SYSTEM32;C:\WINDOWS\WinSxS\amd64_microsoft.windows.common-controls_6595b64144ccf1df_6.0.22621.4541_none_2710d1c57384c085;C:\Users\shermanr\.jdks\openjdk-23.0.1\bin\server;C:\Program Files\JetBrains\IntelliJ IDEA Community Edition 2024.2.4\bin;C:\WINDOWS\System32\DriverStore\FileRepository\u0394423.inf_amd64_43768f937fdbbb9a\B394193

VM Arguments:
jvm_args: --enable-preview -javaagent:C:\Program Files\JetBrains\IntelliJ IDEA Community Edition 2024.2.4\lib\idea_rt.jar=62968:C:\Program Files\JetBrains\IntelliJ IDEA Community Edition 2024.2.4\bin -Dfile.encoding=UTF-8 -Dsun.stdout.encoding=UTF-8 -Dsun.stderr.encoding=UTF-8 
java_command: MazeGeneration
java_class_path (initial): C:\Users\shermanr\IdeaProjects\Random java work\out\production\Random java work;C:\Users\shermanr\.m2\repository\org\jetbrains\annotations\24.0.0\annotations-24.0.0.jar
Launcher Type: SUN_STANDARD

[Global flags]
     intx CICompilerCount                          = 3                                         {product} {ergonomic}
     uint ConcGCThreads                            = 1                                         {product} {ergonomic}
     uint G1ConcRefinementThreads                  = 4                                         {product} {ergonomic}
   size_t G1HeapRegionSize                         = 1048576                                   {product} {ergonomic}
   size_t InitialHeapSize                          = 123731968                                 {product} {ergonomic}
   size_t MarkStackSize                            = 4194304                                   {product} {ergonomic}
   size_t MarkStackSizeMax                         = 536870912                                 {product} {ergonomic}
   size_t MaxHeapSize                              = 1977614336                                {product} {ergonomic}
   size_t MaxNewSize                               = 1185939456                                {product} {ergonomic}
   size_t MinHeapDeltaBytes                        = 1048576                                   {product} {ergonomic}
   size_t MinHeapSize                              = 8388608                                   {product} {ergonomic}
    uintx NonNMethodCodeHeapSize                   = 5832704                                {pd product} {ergonomic}
    uintx NonProfiledCodeHeapSize                  = 122945536                              {pd product} {ergonomic}
    uintx ProfiledCodeHeapSize                     = 122880000                              {pd product} {ergonomic}
    uintx ReservedCodeCacheSize                    = 251658240                              {pd product} {ergonomic}
     bool SegmentedCodeCache                       = true                                      {product} {ergonomic}
   size_t SoftMaxHeapSize                          = 1977614336                             {manageable} {ergonomic}
     bool UseCompressedOops                        = true                           {product lp64_product} {ergonomic}
     bool UseG1GC                                  = true                                      {product} {ergonomic}
     bool UseLargePagesIndividualAllocation        = false                                  {pd product} {ergonomic}

Logging:
Log output configuration:
 #0: stdout all=warning uptime,level,tags foldmultilines=false
 #1: stderr all=off uptime,level,tags foldmultilines=false

Environment Variables:
PATH=C:\WINDOWS\system32;C:\WINDOWS;C:\WINDOWS\System32\Wbem;C:\WINDOWS\System32\WindowsPowerShell\v1.0\;C:\WINDOWS\System32\OpenSSH\;C:\Program Files\dotnet\;C:\Program Files\Microsoft SQL Server\150\Tools\Binn\;C:\Program Files\Microsoft SQL Server\Client SDK\ODBC\170\Tools\Binn\;C:\Program Files (x86)\Windows Kits\10\Windows Performance Toolkit\;C:\Users\shermanr\AppData\Local\Microsoft\WindowsApps;C:\Users\shermanr\AppData\Local\GitHubDesktop\bin;C:\Users\shermanr\AppData\Local\Programs\Git\cmd
USERNAME=shermanr
OS=Windows_NT
PROCESSOR_IDENTIFIER=AMD64 Family 23 Model 32 Stepping 1, AuthenticAMD
TMP=C:\Users\shermanr\AppData\Local\Temp
TEMP=C:\Users\shermanr\AppData\Local\Temp




Periodic native trim disabled

---------------  S Y S T E M  ---------------

OS:
 Windows 11 , 64 bit Build 22621 (10.0.22621.4391)
OS uptime: 6 days 4:15 hours

CPU: total 4 (initial active 4) (4 cores per cpu, 2 threads per core) family 23 model 32 stepping 1 microcode 0x0, cx8, cmov, fxsr, ht, mmx, 3dnowpref, sse, sse2, sse3, ssse3, sse4a, sse4.1, sse4.2, popcnt, lzcnt, tsc, tscinvbit, avx, avx2, aes, clmul, bmi1, bmi2, adx, sha, fma, vzeroupper, clflush, clflushopt, rdtscp, f16c
Processor Information for the first 4 processors :
  Max Mhz: 1200, Current Mhz: 1200, Mhz Limit: 1200

Memory: 4k page, system-wide physical 7536M (1547M free)
TotalPageFile size 12144M (AvailPageFile size 3802M)
current process WorkingSet (physical memory assigned to process): 100M, peak: 100M
current process commit charge ("private bytes"): 259M, peak: 259M

vm_info: OpenJDK 64-Bit Server VM (23.0.1+11-39) for windows-amd64 JRE (23.0.1+11-39), built on 2024-09-30T07:20:43Z with MS VC++ 17.6 (VS2022)

END.
